<?xml version="1.0" encoding="UTF-8"?>
<!-- Generated by org.testng.reporters.JUnitReportReporter -->
<testsuite hostname="WSAMZN-4OJNI24G" name="Guidwire.CreatingAccount" tests="6" failures="0" timestamp="12 Mar 2021 10:03:52 GMT" time="15.970" errors="0">
  <testcase name="rriskanalyzis" time="0.371" classname="Guidwire.CreatingAccount"/>
  <testcase name="obuildings" time="0.249" classname="Guidwire.CreatingAccount"/>
  <testcase name="createAccount" time="6.634" classname="Guidwire.CreatingAccount"/>
  <testcase name="newLoactions" time="4.549" classname="Guidwire.CreatingAccount"/>
  <testcase name="qmodifiers" time="0.403" classname="Guidwire.CreatingAccount"/>
  <testcase name="psearch" time="3.764" classname="Guidwire.CreatingAccount"/>
</testsuite> <!-- Guidwire.CreatingAccount -->
