<?xml version="1.0" encoding="UTF-8"?>
<!-- Generated by org.testng.reporters.JUnitReportReporter -->
<testsuite name="com.gw.qa.testcases.PolicyCenterTestCases" tests="4" time="69.147" ignored="0" failures="0" timestamp="22 Feb 2021 05:32:29 GMT" skipped="0" hostname="WSAMZN-U3F21GGA" errors="0">
  <testcase name="createCompanyAccount" time="3.656" classname="com.gw.qa.testcases.PolicyCenterTestCases"/>
  <testcase name="createCompanyAccount" time="31.519" classname="com.gw.qa.testcases.PolicyCenterTestCases"/>
  <testcase name="createCompanyAccount" time="0.778" classname="com.gw.qa.testcases.PolicyCenterTestCases"/>
  <testcase name="createCompanyAccount" time="33.194" classname="com.gw.qa.testcases.PolicyCenterTestCases"/>
</testsuite> <!-- com.gw.qa.testcases.PolicyCenterTestCases -->
