<?xml version="1.0" encoding="UTF-8"?>
<!-- Generated by org.testng.reporters.JUnitReportReporter -->
<testsuite skipped="0" hostname="WSAMZN-4OJNI24G" name="com.gw.qa.PolicyCenter.CreateAccountTestCase" tests="3" failures="0" timestamp="05 Mar 2021 09:35:15 GMT" time="7.958" errors="0">
  <testcase name="createPersonAccount" time="5.041" classname="com.gw.qa.PolicyCenter.CreateAccountTestCase"/>
  <testcase name="createCompanyAccount" time="2.653" classname="com.gw.qa.PolicyCenter.CreateAccountTestCase"/>
  <testcase name="createNewSubmissionCompany" time="0.264" classname="com.gw.qa.PolicyCenter.CreateAccountTestCase"/>
</testsuite> <!-- com.gw.qa.PolicyCenter.CreateAccountTestCase -->
