<?xml version="1.0" encoding="UTF-8"?>
<!-- Generated by org.testng.reporters.JUnitReportReporter -->
<testsuite skipped="0" hostname="WSAMZN-4OJNI24G" name="com.gw.qa.PolicyCenter.NewSubmisstionPerson" tests="1" failures="0" timestamp="11 Mar 2021 07:12:17 GMT" time="3.264" errors="0">
  <testcase name="createNewSubmissionPerson" time="3.264" classname="com.gw.qa.PolicyCenter.NewSubmisstionPerson"/>
</testsuite> <!-- com.gw.qa.PolicyCenter.NewSubmisstionPerson -->
